<?xml version="1.0" encoding="UTF-8"?>
<testsuite name="TestSuite" time="3.909" tests="2" errors="0" skipped="0" failures="2">
  <properties>
[...]
</properties>
  <testcase name="TC_01" classname="com.qa.reports.TestClass" time="1.935">
    <failure message="expected [false] but found [true]" type="java.lang.AssertionError">java.lang.AssertionError: expected [false] but found [true]
	at org.testng.Assert.fail(Assert.java:94)
	at org.testng.Assert.failNotEquals(Assert.java:494)
	at org.testng.Assert.assertFalse(Assert.java:63)
	at org.testng.Assert.assertFalse(Assert.java:73)
	at com.qa.reports.TestClass.TC_01(TestClass.java:31)
</failure>
    <system-err><![CDATA[Starting ChromeDriver 2.40.565386 (45a059dc425e08165f9a10324bd1380cc13ca363) on port 21479
Only local connections are allowed.
log4j:WARN No appenders could be found for logger (org.apache.http.client.protocol.RequestAddCookies).
log4j:WARN Please initialize the log4j system properly.
log4j:WARN See http://logging.apache.org/log4j/1.2/faq.html#noconfig for more info.
]]></system-err>
  </testcase>
  <testcase name="TC_01" classname="com.qa.reports.TestClass" time="1.974">
    <failure message="expected [false] but found [true]" type="java.lang.AssertionError">java.lang.AssertionError: expected [false] but found [true]
	at org.testng.Assert.fail(Assert.java:94)
	at org.testng.Assert.failNotEquals(Assert.java:494)
	at org.testng.Assert.assertFalse(Assert.java:63)
	at org.testng.Assert.assertFalse(Assert.java:73)
	at com.qa.reports.TestClass.TC_01(TestClass.java:31)
</failure>
    <system-out><![CDATA[***** Error com.qa.reports.TestClass_TC_01 test has failed *****
yaha
Screenshot taken
qqqqq
retryCount0
Retrying test TC_01 with status FAILURE for the 1 time(s).
]]></system-out>
    <system-err><![CDATA[Starting ChromeDriver 2.40.565386 (45a059dc425e08165f9a10324bd1380cc13ca363) on port 11258
Only local connections are allowed.
]]></system-err>
  </testcase>
</testsuite>