<?xml version="1.0" encoding="UTF-8"?>
<!-- Generated by org.testng.reporters.JUnitXMLReporter -->
<testsuite hostname="sarthak.local" name="com.proptiger.api.testsuites.rcm.RCMTermsheetKeySearch" tests="2" failures="2" timestamp="15 Aug 2018 20:32:00 GMT" time="10.112" errors="0">
  <testcase name="TC_01" time="2.227" classname="com.qa.reports.TestClass">
    <failure type="java.lang.AssertionError" message="expected [false] but found [true]">
      <![CDATA[java.lang.AssertionError: expected [false] but found [true]
	at com.qa.reports.TestClass.TC_01(TestClass.java:31)
	at java.util.concurrent.FutureTask.run(FutureTask.java:266)
	at java.util.concurrent.ThreadPoolExecutor.runWorker(ThreadPoolExecutor.java:1149)
	at java.util.concurrent.ThreadPoolExecutor$Worker.run(ThreadPoolExecutor.java:624)
	at java.lang.Thread.run(Thread.java:748)
... Removed 20 stack frames]]>
    </failure>
  </testcase> <!-- TC_01 -->
  <testcase name="TC_01" time="2.14" classname="com.qa.reports.TestClass">
    <failure type="java.lang.AssertionError" message="expected [false] but found [true]">
      <![CDATA[java.lang.AssertionError: expected [false] but found [true]
	at com.qa.reports.TestClass.TC_01(TestClass.java:31)
	at java.util.concurrent.FutureTask.run(FutureTask.java:266)
	at java.util.concurrent.ThreadPoolExecutor.runWorker(ThreadPoolExecutor.java:1149)
	at java.util.concurrent.ThreadPoolExecutor$Worker.run(ThreadPoolExecutor.java:624)
	at java.lang.Thread.run(Thread.java:748)
... Removed 20 stack frames]]>
    </failure>
  </testcase> <!-- TC_01 -->
</testsuite> <!-- com.proptiger.api.testsuites.rcm.RCMTermsheetKeySearch -->
